Build started 8/28/2012 9:59:55 PM.
     1>Project "C:\Users\drossi\Documents\GitHub\Pong\Development\Pong.Box2D\Pong.Box2D\Pong.Box2D.vcxproj" on node 2 (build target(s)).
     1>InitializeBuildStatus:
         Creating "Debug\Pong.Box2D.unsuccessfulbuild" because "AlwaysCreate" was specified.
       ClCompile:
         All outputs are up-to-date.
       ManifestResourceCompile:
         All outputs are up-to-date.
       Link:
         c:\Program Files (x86)\Microsoft Visual Studio 10.0\VC\bin\link.exe /ERRORREPORT:PROMPT /OUT:"C:\Users\drossi\Documents\GitHub\Pong\Development\Pong.Box2D\Debug\Pong.Box2D.exe" /INCREMENTAL /NOLOGO /LIBPATH:./lib Box2D.lib kernel32.lib user32.lib gdi32.lib winspool.lib shell32.lib ole32.lib oleaut32.lib uuid.lib comdlg32.lib advapi32.lib freeglut_static.lib glui.lib winmm.lib glu32.lib opengl32.lib kernel32.lib user32.lib gdi32.lib winspool.lib comdlg32.lib advapi32.lib shell32.lib ole32.lib oleaut32.lib uuid.lib odbc32.lib odbccp32.lib /MANIFEST /ManifestFile:"Debug\Pong.Box2D.exe.intermediate.manifest" /MANIFESTUAC:"level='asInvoker' uiAccess='false'" /DEBUG /PDB:"C:\Users\drossi\Documents\GitHub\Pong\Development\Pong.Box2D\Debug\Pong.Box2D.pdb" /SUBSYSTEM:CONSOLE /TLBID:1 /DYNAMICBASE /NXCOMPAT /IMPLIB:"C:\Users\drossi\Documents\GitHub\Pong\Development\Pong.Box2D\Debug\Pong.Box2D.lib" /MACHINE:X86 Debug\Pong.Box2D.exe.embed.manifest.res
         Debug\Main.obj
         Debug\Render.obj
         Debug\Test.obj
         Debug\TestEntries.obj
       Manifest:
         C:\Program Files (x86)\Microsoft SDKs\Windows\v7.0A\bin\mt.exe /nologo /verbose /out:"Debug\Pong.Box2D.exe.embed.manifest" /manifest Debug\Pong.Box2D.exe.intermediate.manifest
         All outputs are up-to-date.
       LinkEmbedManifest:
         All outputs are up-to-date.
         Pong.Box2D.vcxproj -> C:\Users\drossi\Documents\GitHub\Pong\Development\Pong.Box2D\Debug\Pong.Box2D.exe
       FinalizeBuildStatus:
         Deleting file "Debug\Pong.Box2D.unsuccessfulbuild".
         Touching "Debug\Pong.Box2D.lastbuildstate".
     1>Done Building Project "C:\Users\drossi\Documents\GitHub\Pong\Development\Pong.Box2D\Pong.Box2D\Pong.Box2D.vcxproj" (build target(s)).

Build succeeded.

Time Elapsed 00:00:00.75
