C:\USERS\DROSSI\DOCUMENTS\GITHUB\PONG\DEVELOPMENT\BOX2D_V2.2.1\BUILD\BOX2D\BOX2D.DIR\DEBUG\B2BLOCKALLOCATOR.OBJ
C:\USERS\DROSSI\DOCUMENTS\GITHUB\PONG\DEVELOPMENT\BOX2D_V2.2.1\BUILD\BOX2D\BOX2D.DIR\DEBUG\B2BODY.OBJ
C:\USERS\DROSSI\DOCUMENTS\GITHUB\PONG\DEVELOPMENT\BOX2D_V2.2.1\BUILD\BOX2D\BOX2D.DIR\DEBUG\B2BROADPHASE.OBJ
C:\USERS\DROSSI\DOCUMENTS\GITHUB\PONG\DEVELOPMENT\BOX2D_V2.2.1\BUILD\BOX2D\BOX2D.DIR\DEBUG\B2CHAINANDCIRCLECONTACT.OBJ
C:\USERS\DROSSI\DOCUMENTS\GITHUB\PONG\DEVELOPMENT\BOX2D_V2.2.1\BUILD\BOX2D\BOX2D.DIR\DEBUG\B2CHAINANDPOLYGONCONTACT.OBJ
C:\USERS\DROSSI\DOCUMENTS\GITHUB\PONG\DEVELOPMENT\BOX2D_V2.2.1\BUILD\BOX2D\BOX2D.DIR\DEBUG\B2CHAINSHAPE.OBJ
C:\USERS\DROSSI\DOCUMENTS\GITHUB\PONG\DEVELOPMENT\BOX2D_V2.2.1\BUILD\BOX2D\BOX2D.DIR\DEBUG\B2CIRCLECONTACT.OBJ
C:\USERS\DROSSI\DOCUMENTS\GITHUB\PONG\DEVELOPMENT\BOX2D_V2.2.1\BUILD\BOX2D\BOX2D.DIR\DEBUG\B2CIRCLESHAPE.OBJ
C:\USERS\DROSSI\DOCUMENTS\GITHUB\PONG\DEVELOPMENT\BOX2D_V2.2.1\BUILD\BOX2D\BOX2D.DIR\DEBUG\B2COLLIDECIRCLE.OBJ
C:\USERS\DROSSI\DOCUMENTS\GITHUB\PONG\DEVELOPMENT\BOX2D_V2.2.1\BUILD\BOX2D\BOX2D.DIR\DEBUG\B2COLLIDEEDGE.OBJ
C:\USERS\DROSSI\DOCUMENTS\GITHUB\PONG\DEVELOPMENT\BOX2D_V2.2.1\BUILD\BOX2D\BOX2D.DIR\DEBUG\B2COLLIDEPOLYGON.OBJ
C:\USERS\DROSSI\DOCUMENTS\GITHUB\PONG\DEVELOPMENT\BOX2D_V2.2.1\BUILD\BOX2D\BOX2D.DIR\DEBUG\B2COLLISION.OBJ
C:\USERS\DROSSI\DOCUMENTS\GITHUB\PONG\DEVELOPMENT\BOX2D_V2.2.1\BUILD\BOX2D\BOX2D.DIR\DEBUG\B2CONTACT.OBJ
C:\USERS\DROSSI\DOCUMENTS\GITHUB\PONG\DEVELOPMENT\BOX2D_V2.2.1\BUILD\BOX2D\BOX2D.DIR\DEBUG\B2CONTACTMANAGER.OBJ
C:\USERS\DROSSI\DOCUMENTS\GITHUB\PONG\DEVELOPMENT\BOX2D_V2.2.1\BUILD\BOX2D\BOX2D.DIR\DEBUG\B2CONTACTSOLVER.OBJ
C:\USERS\DROSSI\DOCUMENTS\GITHUB\PONG\DEVELOPMENT\BOX2D_V2.2.1\BUILD\BOX2D\BOX2D.DIR\DEBUG\B2DISTANCE.OBJ
C:\USERS\DROSSI\DOCUMENTS\GITHUB\PONG\DEVELOPMENT\BOX2D_V2.2.1\BUILD\BOX2D\BOX2D.DIR\DEBUG\B2DISTANCEJOINT.OBJ
C:\USERS\DROSSI\DOCUMENTS\GITHUB\PONG\DEVELOPMENT\BOX2D_V2.2.1\BUILD\BOX2D\BOX2D.DIR\DEBUG\B2DRAW.OBJ
C:\USERS\DROSSI\DOCUMENTS\GITHUB\PONG\DEVELOPMENT\BOX2D_V2.2.1\BUILD\BOX2D\BOX2D.DIR\DEBUG\B2DYNAMICTREE.OBJ
C:\USERS\DROSSI\DOCUMENTS\GITHUB\PONG\DEVELOPMENT\BOX2D_V2.2.1\BUILD\BOX2D\BOX2D.DIR\DEBUG\B2EDGEANDCIRCLECONTACT.OBJ
C:\USERS\DROSSI\DOCUMENTS\GITHUB\PONG\DEVELOPMENT\BOX2D_V2.2.1\BUILD\BOX2D\BOX2D.DIR\DEBUG\B2EDGEANDPOLYGONCONTACT.OBJ
C:\USERS\DROSSI\DOCUMENTS\GITHUB\PONG\DEVELOPMENT\BOX2D_V2.2.1\BUILD\BOX2D\BOX2D.DIR\DEBUG\B2EDGESHAPE.OBJ
C:\USERS\DROSSI\DOCUMENTS\GITHUB\PONG\DEVELOPMENT\BOX2D_V2.2.1\BUILD\BOX2D\BOX2D.DIR\DEBUG\B2FIXTURE.OBJ
C:\USERS\DROSSI\DOCUMENTS\GITHUB\PONG\DEVELOPMENT\BOX2D_V2.2.1\BUILD\BOX2D\BOX2D.DIR\DEBUG\B2FRICTIONJOINT.OBJ
C:\USERS\DROSSI\DOCUMENTS\GITHUB\PONG\DEVELOPMENT\BOX2D_V2.2.1\BUILD\BOX2D\BOX2D.DIR\DEBUG\B2GEARJOINT.OBJ
C:\USERS\DROSSI\DOCUMENTS\GITHUB\PONG\DEVELOPMENT\BOX2D_V2.2.1\BUILD\BOX2D\BOX2D.DIR\DEBUG\B2ISLAND.OBJ
C:\USERS\DROSSI\DOCUMENTS\GITHUB\PONG\DEVELOPMENT\BOX2D_V2.2.1\BUILD\BOX2D\BOX2D.DIR\DEBUG\B2JOINT.OBJ
C:\USERS\DROSSI\DOCUMENTS\GITHUB\PONG\DEVELOPMENT\BOX2D_V2.2.1\BUILD\BOX2D\BOX2D.DIR\DEBUG\B2MATH.OBJ
C:\USERS\DROSSI\DOCUMENTS\GITHUB\PONG\DEVELOPMENT\BOX2D_V2.2.1\BUILD\BOX2D\BOX2D.DIR\DEBUG\B2MOUSEJOINT.OBJ
C:\USERS\DROSSI\DOCUMENTS\GITHUB\PONG\DEVELOPMENT\BOX2D_V2.2.1\BUILD\BOX2D\BOX2D.DIR\DEBUG\B2POLYGONANDCIRCLECONTACT.OBJ
C:\USERS\DROSSI\DOCUMENTS\GITHUB\PONG\DEVELOPMENT\BOX2D_V2.2.1\BUILD\BOX2D\BOX2D.DIR\DEBUG\B2POLYGONCONTACT.OBJ
C:\USERS\DROSSI\DOCUMENTS\GITHUB\PONG\DEVELOPMENT\BOX2D_V2.2.1\BUILD\BOX2D\BOX2D.DIR\DEBUG\B2POLYGONSHAPE.OBJ
C:\USERS\DROSSI\DOCUMENTS\GITHUB\PONG\DEVELOPMENT\BOX2D_V2.2.1\BUILD\BOX2D\BOX2D.DIR\DEBUG\B2PRISMATICJOINT.OBJ
C:\USERS\DROSSI\DOCUMENTS\GITHUB\PONG\DEVELOPMENT\BOX2D_V2.2.1\BUILD\BOX2D\BOX2D.DIR\DEBUG\B2PULLEYJOINT.OBJ
C:\USERS\DROSSI\DOCUMENTS\GITHUB\PONG\DEVELOPMENT\BOX2D_V2.2.1\BUILD\BOX2D\BOX2D.DIR\DEBUG\B2REVOLUTEJOINT.OBJ
C:\USERS\DROSSI\DOCUMENTS\GITHUB\PONG\DEVELOPMENT\BOX2D_V2.2.1\BUILD\BOX2D\BOX2D.DIR\DEBUG\B2ROPE.OBJ
C:\USERS\DROSSI\DOCUMENTS\GITHUB\PONG\DEVELOPMENT\BOX2D_V2.2.1\BUILD\BOX2D\BOX2D.DIR\DEBUG\B2ROPEJOINT.OBJ
C:\USERS\DROSSI\DOCUMENTS\GITHUB\PONG\DEVELOPMENT\BOX2D_V2.2.1\BUILD\BOX2D\BOX2D.DIR\DEBUG\B2SETTINGS.OBJ
C:\USERS\DROSSI\DOCUMENTS\GITHUB\PONG\DEVELOPMENT\BOX2D_V2.2.1\BUILD\BOX2D\BOX2D.DIR\DEBUG\B2STACKALLOCATOR.OBJ
C:\USERS\DROSSI\DOCUMENTS\GITHUB\PONG\DEVELOPMENT\BOX2D_V2.2.1\BUILD\BOX2D\BOX2D.DIR\DEBUG\B2TIMEOFIMPACT.OBJ
C:\USERS\DROSSI\DOCUMENTS\GITHUB\PONG\DEVELOPMENT\BOX2D_V2.2.1\BUILD\BOX2D\BOX2D.DIR\DEBUG\B2TIMER.OBJ
C:\USERS\DROSSI\DOCUMENTS\GITHUB\PONG\DEVELOPMENT\BOX2D_V2.2.1\BUILD\BOX2D\BOX2D.DIR\DEBUG\B2WELDJOINT.OBJ
C:\USERS\DROSSI\DOCUMENTS\GITHUB\PONG\DEVELOPMENT\BOX2D_V2.2.1\BUILD\BOX2D\BOX2D.DIR\DEBUG\B2WHEELJOINT.OBJ
C:\USERS\DROSSI\DOCUMENTS\GITHUB\PONG\DEVELOPMENT\BOX2D_V2.2.1\BUILD\BOX2D\BOX2D.DIR\DEBUG\B2WORLD.OBJ
C:\USERS\DROSSI\DOCUMENTS\GITHUB\PONG\DEVELOPMENT\BOX2D_V2.2.1\BUILD\BOX2D\BOX2D.DIR\DEBUG\B2WORLDCALLBACKS.OBJ
C:\Users\drossi\Documents\GitHub\Pong\Development\Box2D_v2.2.1\Build\Box2D\Box2D.dir\Debug\Box2D.write.1.tlog
C:\Users\drossi\Documents\GitHub\Pong\Development\Box2D_v2.2.1\Build\Box2D\Box2D.dir\Debug\cl.command.1.tlog
C:\Users\drossi\Documents\GitHub\Pong\Development\Box2D_v2.2.1\Build\Box2D\Box2D.dir\Debug\CL.read.1.tlog
C:\Users\drossi\Documents\GitHub\Pong\Development\Box2D_v2.2.1\Build\Box2D\Box2D.dir\Debug\CL.write.1.tlog
C:\Users\drossi\Documents\GitHub\Pong\Development\Box2D_v2.2.1\Build\Box2D\Box2D.dir\Debug\custombuild.command.1.tlog
C:\Users\drossi\Documents\GitHub\Pong\Development\Box2D_v2.2.1\Build\Box2D\Box2D.dir\Debug\custombuild.read.1.tlog
C:\Users\drossi\Documents\GitHub\Pong\Development\Box2D_v2.2.1\Build\Box2D\Box2D.dir\Debug\custombuild.write.1.tlog
C:\Users\drossi\Documents\GitHub\Pong\Development\Box2D_v2.2.1\Build\Box2D\Box2D.dir\Debug\lib.command.1.tlog
C:\Users\drossi\Documents\GitHub\Pong\Development\Box2D_v2.2.1\Build\Box2D\Box2D.dir\Debug\Lib-link.read.1.tlog
C:\Users\drossi\Documents\GitHub\Pong\Development\Box2D_v2.2.1\Build\Box2D\Box2D.dir\Debug\Lib-link.write.1.tlog
C:\USERS\DROSSI\DOCUMENTS\GITHUB\PONG\DEVELOPMENT\BOX2D_V2.2.1\BUILD\BOX2D\CMAKEFILES\GENERATE.STAMP
C:\USERS\DROSSI\DOCUMENTS\GITHUB\PONG\DEVELOPMENT\BOX2D_V2.2.1\BUILD\BOX2D\DEBUG\BOX2D.LIB
C:\USERS\DROSSI\DOCUMENTS\GITHUB\PONG\DEVELOPMENT\BOX2D_V2.2.1\BUILD\BOX2D\DEBUG\BOX2D.PDB
