C:\USERS\DROSSI\DOCUMENTS\GITHUB\PONG\DEVELOPMENT\BOX2D_V2.2.1\BUILD\FREEGLUT\CMAKEFILES\GENERATE.STAMP
C:\USERS\DROSSI\DOCUMENTS\GITHUB\PONG\DEVELOPMENT\BOX2D_V2.2.1\BUILD\FREEGLUT\DEBUG\FREEGLUT_STATIC.LIB
C:\USERS\DROSSI\DOCUMENTS\GITHUB\PONG\DEVELOPMENT\BOX2D_V2.2.1\BUILD\FREEGLUT\DEBUG\FREEGLUT_STATIC.PDB
C:\Users\drossi\Documents\GitHub\Pong\Development\Box2D_v2.2.1\Build\freeglut\freeglut_static.dir\Debug\cl.command.1.tlog
C:\Users\drossi\Documents\GitHub\Pong\Development\Box2D_v2.2.1\Build\freeglut\freeglut_static.dir\Debug\CL.read.1.tlog
C:\Users\drossi\Documents\GitHub\Pong\Development\Box2D_v2.2.1\Build\freeglut\freeglut_static.dir\Debug\CL.write.1.tlog
C:\Users\drossi\Documents\GitHub\Pong\Development\Box2D_v2.2.1\Build\freeglut\freeglut_static.dir\Debug\custombuild.command.1.tlog
C:\Users\drossi\Documents\GitHub\Pong\Development\Box2D_v2.2.1\Build\freeglut\freeglut_static.dir\Debug\custombuild.read.1.tlog
C:\Users\drossi\Documents\GitHub\Pong\Development\Box2D_v2.2.1\Build\freeglut\freeglut_static.dir\Debug\custombuild.write.1.tlog
C:\USERS\DROSSI\DOCUMENTS\GITHUB\PONG\DEVELOPMENT\BOX2D_V2.2.1\BUILD\FREEGLUT\FREEGLUT_STATIC.DIR\DEBUG\FREEGLUT_CALLBACKS.OBJ
C:\USERS\DROSSI\DOCUMENTS\GITHUB\PONG\DEVELOPMENT\BOX2D_V2.2.1\BUILD\FREEGLUT\FREEGLUT_STATIC.DIR\DEBUG\FREEGLUT_CURSOR.OBJ
C:\USERS\DROSSI\DOCUMENTS\GITHUB\PONG\DEVELOPMENT\BOX2D_V2.2.1\BUILD\FREEGLUT\FREEGLUT_STATIC.DIR\DEBUG\FREEGLUT_DISPLAY.OBJ
C:\USERS\DROSSI\DOCUMENTS\GITHUB\PONG\DEVELOPMENT\BOX2D_V2.2.1\BUILD\FREEGLUT\FREEGLUT_STATIC.DIR\DEBUG\FREEGLUT_EXT.OBJ
C:\USERS\DROSSI\DOCUMENTS\GITHUB\PONG\DEVELOPMENT\BOX2D_V2.2.1\BUILD\FREEGLUT\FREEGLUT_STATIC.DIR\DEBUG\FREEGLUT_FONT.OBJ
C:\USERS\DROSSI\DOCUMENTS\GITHUB\PONG\DEVELOPMENT\BOX2D_V2.2.1\BUILD\FREEGLUT\FREEGLUT_STATIC.DIR\DEBUG\FREEGLUT_FONT_DATA.OBJ
C:\USERS\DROSSI\DOCUMENTS\GITHUB\PONG\DEVELOPMENT\BOX2D_V2.2.1\BUILD\FREEGLUT\FREEGLUT_STATIC.DIR\DEBUG\FREEGLUT_GAMEMODE.OBJ
C:\USERS\DROSSI\DOCUMENTS\GITHUB\PONG\DEVELOPMENT\BOX2D_V2.2.1\BUILD\FREEGLUT\FREEGLUT_STATIC.DIR\DEBUG\FREEGLUT_GEOMETRY.OBJ
C:\USERS\DROSSI\DOCUMENTS\GITHUB\PONG\DEVELOPMENT\BOX2D_V2.2.1\BUILD\FREEGLUT\FREEGLUT_STATIC.DIR\DEBUG\FREEGLUT_GLUTFONT_DEFINITIONS.OBJ
C:\USERS\DROSSI\DOCUMENTS\GITHUB\PONG\DEVELOPMENT\BOX2D_V2.2.1\BUILD\FREEGLUT\FREEGLUT_STATIC.DIR\DEBUG\FREEGLUT_INIT.OBJ
C:\USERS\DROSSI\DOCUMENTS\GITHUB\PONG\DEVELOPMENT\BOX2D_V2.2.1\BUILD\FREEGLUT\FREEGLUT_STATIC.DIR\DEBUG\FREEGLUT_INPUT_DEVICES.OBJ
C:\USERS\DROSSI\DOCUMENTS\GITHUB\PONG\DEVELOPMENT\BOX2D_V2.2.1\BUILD\FREEGLUT\FREEGLUT_STATIC.DIR\DEBUG\FREEGLUT_JOYSTICK.OBJ
C:\USERS\DROSSI\DOCUMENTS\GITHUB\PONG\DEVELOPMENT\BOX2D_V2.2.1\BUILD\FREEGLUT\FREEGLUT_STATIC.DIR\DEBUG\FREEGLUT_MAIN.OBJ
C:\USERS\DROSSI\DOCUMENTS\GITHUB\PONG\DEVELOPMENT\BOX2D_V2.2.1\BUILD\FREEGLUT\FREEGLUT_STATIC.DIR\DEBUG\FREEGLUT_MENU.OBJ
C:\USERS\DROSSI\DOCUMENTS\GITHUB\PONG\DEVELOPMENT\BOX2D_V2.2.1\BUILD\FREEGLUT\FREEGLUT_STATIC.DIR\DEBUG\FREEGLUT_MISC.OBJ
C:\USERS\DROSSI\DOCUMENTS\GITHUB\PONG\DEVELOPMENT\BOX2D_V2.2.1\BUILD\FREEGLUT\FREEGLUT_STATIC.DIR\DEBUG\FREEGLUT_OVERLAY.OBJ
C:\USERS\DROSSI\DOCUMENTS\GITHUB\PONG\DEVELOPMENT\BOX2D_V2.2.1\BUILD\FREEGLUT\FREEGLUT_STATIC.DIR\DEBUG\FREEGLUT_SPACEBALL.OBJ
C:\USERS\DROSSI\DOCUMENTS\GITHUB\PONG\DEVELOPMENT\BOX2D_V2.2.1\BUILD\FREEGLUT\FREEGLUT_STATIC.DIR\DEBUG\FREEGLUT_STATE.OBJ
C:\Users\drossi\Documents\GitHub\Pong\Development\Box2D_v2.2.1\Build\freeglut\freeglut_static.dir\Debug\freeglut_static.write.1.tlog
C:\USERS\DROSSI\DOCUMENTS\GITHUB\PONG\DEVELOPMENT\BOX2D_V2.2.1\BUILD\FREEGLUT\FREEGLUT_STATIC.DIR\DEBUG\FREEGLUT_STROKE_MONO_ROMAN.OBJ
C:\USERS\DROSSI\DOCUMENTS\GITHUB\PONG\DEVELOPMENT\BOX2D_V2.2.1\BUILD\FREEGLUT\FREEGLUT_STATIC.DIR\DEBUG\FREEGLUT_STROKE_ROMAN.OBJ
C:\USERS\DROSSI\DOCUMENTS\GITHUB\PONG\DEVELOPMENT\BOX2D_V2.2.1\BUILD\FREEGLUT\FREEGLUT_STATIC.DIR\DEBUG\FREEGLUT_STRUCTURE.OBJ
C:\USERS\DROSSI\DOCUMENTS\GITHUB\PONG\DEVELOPMENT\BOX2D_V2.2.1\BUILD\FREEGLUT\FREEGLUT_STATIC.DIR\DEBUG\FREEGLUT_TEAPOT.OBJ
C:\USERS\DROSSI\DOCUMENTS\GITHUB\PONG\DEVELOPMENT\BOX2D_V2.2.1\BUILD\FREEGLUT\FREEGLUT_STATIC.DIR\DEBUG\FREEGLUT_VIDEORESIZE.OBJ
C:\USERS\DROSSI\DOCUMENTS\GITHUB\PONG\DEVELOPMENT\BOX2D_V2.2.1\BUILD\FREEGLUT\FREEGLUT_STATIC.DIR\DEBUG\FREEGLUT_WINDOW.OBJ
C:\Users\drossi\Documents\GitHub\Pong\Development\Box2D_v2.2.1\Build\freeglut\freeglut_static.dir\Debug\lib.command.1.tlog
C:\Users\drossi\Documents\GitHub\Pong\Development\Box2D_v2.2.1\Build\freeglut\freeglut_static.dir\Debug\Lib-link.read.1.tlog
C:\Users\drossi\Documents\GitHub\Pong\Development\Box2D_v2.2.1\Build\freeglut\freeglut_static.dir\Debug\Lib-link.write.1.tlog
