Build started 8/28/2012 9:46:37 PM.
     1>Project "C:\Users\drossi\Documents\GitHub\Pong\Development\Box2D_v2.2.1\Build\vs2010\GLUI.vcxproj" on node 3 (build target(s)).
     1>InitializeBuildStatus:
         Creating "obj\x32\Debug\GLUI\GLUI.unsuccessfulbuild" because "AlwaysCreate" was specified.
       ClCompile:
         c:\Program Files (x86)\Microsoft Visual Studio 10.0\VC\bin\CL.exe /c /I..\.. /ZI /nologo /W3 /WX- /Od /Oy- /D _CRT_SECURE_NO_WARNINGS /D _MBCS /Gm /EHsc /RTC1 /MDd /GS /Gy /fp:precise /Zc:wchar_t /Zc:forScope /Fo"obj\x32\Debug\GLUI\\" /Fd"bin\Debug\GLUI.pdb" /Gd /TP /analyze- /errorReport:prompt ..\..\glui\algebra3.cpp ..\..\glui\arcball.cpp ..\..\glui\glui.cpp ..\..\glui\glui_add_controls.cpp ..\..\glui\glui_bitmaps.cpp ..\..\glui\glui_bitmap_img_data.cpp ..\..\glui\glui_button.cpp ..\..\glui\glui_checkbox.cpp ..\..\glui\glui_column.cpp ..\..\glui\glui_commandline.cpp ..\..\glui\glui_control.cpp ..\..\glui\glui_edittext.cpp ..\..\glui\glui_filebrowser.cpp ..\..\glui\glui_list.cpp ..\..\glui\glui_listbox.cpp ..\..\glui\glui_mouse_iaction.cpp ..\..\glui\glui_node.cpp ..\..\glui\glui_panel.cpp ..\..\glui\glui_radio.cpp ..\..\glui\glui_rollout.cpp ..\..\glui\glui_rotation.cpp ..\..\glui\glui_scrollbar.cpp ..\..\glui\glui_separator.cpp ..\..\glui\glui_spinner.cpp ..\..\glui\glui_statictext.cpp ..\..\glui\glui_string.cpp ..\..\glui\glui_textbox.cpp ..\..\glui\glui_translation.cpp ..\..\glui\glui_tree.cpp ..\..\glui\glui_treepanel.cpp ..\..\glui\glui_window.cpp ..\..\glui\quaternion.cpp /W1 
     1>cl : Command line warning D9025: overriding '/W3' with '/W1'
         quaternion.cpp
         glui_window.cpp
         glui_treepanel.cpp
         glui_tree.cpp
         glui_translation.cpp
         glui_textbox.cpp
         glui_string.cpp
         glui_statictext.cpp
         glui_spinner.cpp
         glui_separator.cpp
         glui_scrollbar.cpp
         glui_rotation.cpp
         glui_rollout.cpp
         glui_radio.cpp
         glui_panel.cpp
         glui_node.cpp
         glui_mouse_iaction.cpp
