Build started 8/19/2012 8:04:30 PM.
     1>Project "C:\Users\drossi\Documents\GitHub\Pong\Development\Pong.Console\Pong.Console\Pong.Console.vcxproj" on node 2 (build target(s)).
     1>InitializeBuildStatus:
         Creating "Debug\Pong.Console.unsuccessfulbuild" because "AlwaysCreate" was specified.
       ClCompile:
         All outputs are up-to-date.
         c:\Program Files (x86)\Microsoft Visual Studio 10.0\VC\bin\CL.exe /c /ZI /nologo /W3 /WX- /Od /Oy- /D WIN32 /D _DEBUG /D _CONSOLE /D _UNICODE /D UNICODE /Gm /EHsc /RTC1 /MDd /GS /fp:precise /Zc:wchar_t /Zc:forScope /Yu"StdAfx.h" /Fp"Debug\Pong.Console.pch" /Fo"Debug\\" /Fd"Debug\vc100.pdb" /Gd /TP /analyze- /errorReport:prompt Pong.Console.cpp
         Pong.Console.cpp
       ManifestResourceCompile:
         All outputs are up-to-date.
       Link:
         c:\Program Files (x86)\Microsoft Visual Studio 10.0\VC\bin\link.exe /ERRORREPORT:PROMPT /OUT:"C:\Users\drossi\Documents\GitHub\Pong\Development\Pong.Console\Debug\Pong.Console.exe" /INCREMENTAL /NOLOGO kernel32.lib user32.lib gdi32.lib winspool.lib comdlg32.lib advapi32.lib shell32.lib ole32.lib oleaut32.lib uuid.lib odbc32.lib odbccp32.lib /MANIFEST /ManifestFile:"Debug\Pong.Console.exe.intermediate.manifest" /MANIFESTUAC:"level='asInvoker' uiAccess='false'" /DEBUG /PDB:"C:\Users\drossi\Documents\GitHub\Pong\Development\Pong.Console\Debug\Pong.Console.pdb" /SUBSYSTEM:CONSOLE /TLBID:1 /DYNAMICBASE /NXCOMPAT /IMPLIB:"C:\Users\drossi\Documents\GitHub\Pong\Development\Pong.Console\Debug\Pong.Console.lib" /MACHINE:X86 Debug\Pong.Console.exe.embed.manifest.res
         Debug\app.obj
         Debug\Pong.Console.obj
         Debug\rect.obj
         Debug\renderer.obj
         Debug\size.obj
         Debug\stdafx.obj
         Debug\vector2d.obj
       Manifest:
         C:\Program Files (x86)\Microsoft SDKs\Windows\v7.0A\bin\mt.exe /nologo /verbose /out:"Debug\Pong.Console.exe.embed.manifest" /manifest Debug\Pong.Console.exe.intermediate.manifest
         All outputs are up-to-date.
       LinkEmbedManifest:
         All outputs are up-to-date.
         Pong.Console.vcxproj -> C:\Users\drossi\Documents\GitHub\Pong\Development\Pong.Console\Debug\Pong.Console.exe
       FinalizeBuildStatus:
         Deleting file "Debug\Pong.Console.unsuccessfulbuild".
         Touching "Debug\Pong.Console.lastbuildstate".
     1>Done Building Project "C:\Users\drossi\Documents\GitHub\Pong\Development\Pong.Console\Pong.Console\Pong.Console.vcxproj" (build target(s)).

Build succeeded.

Time Elapsed 00:00:01.24
