C:\USERS\DROSSI\DOCUMENTS\GITHUB\PONG\DEVELOPMENT\BOX2D_V2.2.1\BUILD\GLUI\CMAKEFILES\GENERATE.STAMP
C:\USERS\DROSSI\DOCUMENTS\GITHUB\PONG\DEVELOPMENT\BOX2D_V2.2.1\BUILD\GLUI\DEBUG\GLUI.LIB
C:\USERS\DROSSI\DOCUMENTS\GITHUB\PONG\DEVELOPMENT\BOX2D_V2.2.1\BUILD\GLUI\DEBUG\GLUI.PDB
C:\USERS\DROSSI\DOCUMENTS\GITHUB\PONG\DEVELOPMENT\BOX2D_V2.2.1\BUILD\GLUI\GLUI.DIR\DEBUG\ALGEBRA3.OBJ
C:\USERS\DROSSI\DOCUMENTS\GITHUB\PONG\DEVELOPMENT\BOX2D_V2.2.1\BUILD\GLUI\GLUI.DIR\DEBUG\ARCBALL.OBJ
C:\Users\drossi\Documents\GitHub\Pong\Development\Box2D_v2.2.1\Build\glui\glui.dir\Debug\cl.command.1.tlog
C:\Users\drossi\Documents\GitHub\Pong\Development\Box2D_v2.2.1\Build\glui\glui.dir\Debug\CL.read.1.tlog
C:\Users\drossi\Documents\GitHub\Pong\Development\Box2D_v2.2.1\Build\glui\glui.dir\Debug\CL.write.1.tlog
C:\Users\drossi\Documents\GitHub\Pong\Development\Box2D_v2.2.1\Build\glui\glui.dir\Debug\custombuild.command.1.tlog
C:\Users\drossi\Documents\GitHub\Pong\Development\Box2D_v2.2.1\Build\glui\glui.dir\Debug\custombuild.read.1.tlog
C:\Users\drossi\Documents\GitHub\Pong\Development\Box2D_v2.2.1\Build\glui\glui.dir\Debug\custombuild.write.1.tlog
C:\USERS\DROSSI\DOCUMENTS\GITHUB\PONG\DEVELOPMENT\BOX2D_V2.2.1\BUILD\GLUI\GLUI.DIR\DEBUG\GLUI.OBJ
C:\Users\drossi\Documents\GitHub\Pong\Development\Box2D_v2.2.1\Build\glui\glui.dir\Debug\glui.write.1.tlog
C:\USERS\DROSSI\DOCUMENTS\GITHUB\PONG\DEVELOPMENT\BOX2D_V2.2.1\BUILD\GLUI\GLUI.DIR\DEBUG\GLUI_ADD_CONTROLS.OBJ
C:\USERS\DROSSI\DOCUMENTS\GITHUB\PONG\DEVELOPMENT\BOX2D_V2.2.1\BUILD\GLUI\GLUI.DIR\DEBUG\GLUI_BITMAP_IMG_DATA.OBJ
C:\USERS\DROSSI\DOCUMENTS\GITHUB\PONG\DEVELOPMENT\BOX2D_V2.2.1\BUILD\GLUI\GLUI.DIR\DEBUG\GLUI_BITMAPS.OBJ
C:\USERS\DROSSI\DOCUMENTS\GITHUB\PONG\DEVELOPMENT\BOX2D_V2.2.1\BUILD\GLUI\GLUI.DIR\DEBUG\GLUI_BUTTON.OBJ
C:\USERS\DROSSI\DOCUMENTS\GITHUB\PONG\DEVELOPMENT\BOX2D_V2.2.1\BUILD\GLUI\GLUI.DIR\DEBUG\GLUI_CHECKBOX.OBJ
C:\USERS\DROSSI\DOCUMENTS\GITHUB\PONG\DEVELOPMENT\BOX2D_V2.2.1\BUILD\GLUI\GLUI.DIR\DEBUG\GLUI_COLUMN.OBJ
C:\USERS\DROSSI\DOCUMENTS\GITHUB\PONG\DEVELOPMENT\BOX2D_V2.2.1\BUILD\GLUI\GLUI.DIR\DEBUG\GLUI_COMMANDLINE.OBJ
C:\USERS\DROSSI\DOCUMENTS\GITHUB\PONG\DEVELOPMENT\BOX2D_V2.2.1\BUILD\GLUI\GLUI.DIR\DEBUG\GLUI_CONTROL.OBJ
C:\USERS\DROSSI\DOCUMENTS\GITHUB\PONG\DEVELOPMENT\BOX2D_V2.2.1\BUILD\GLUI\GLUI.DIR\DEBUG\GLUI_EDITTEXT.OBJ
C:\USERS\DROSSI\DOCUMENTS\GITHUB\PONG\DEVELOPMENT\BOX2D_V2.2.1\BUILD\GLUI\GLUI.DIR\DEBUG\GLUI_FILEBROWSER.OBJ
C:\USERS\DROSSI\DOCUMENTS\GITHUB\PONG\DEVELOPMENT\BOX2D_V2.2.1\BUILD\GLUI\GLUI.DIR\DEBUG\GLUI_LIST.OBJ
C:\USERS\DROSSI\DOCUMENTS\GITHUB\PONG\DEVELOPMENT\BOX2D_V2.2.1\BUILD\GLUI\GLUI.DIR\DEBUG\GLUI_LISTBOX.OBJ
C:\USERS\DROSSI\DOCUMENTS\GITHUB\PONG\DEVELOPMENT\BOX2D_V2.2.1\BUILD\GLUI\GLUI.DIR\DEBUG\GLUI_MOUSE_IACTION.OBJ
C:\USERS\DROSSI\DOCUMENTS\GITHUB\PONG\DEVELOPMENT\BOX2D_V2.2.1\BUILD\GLUI\GLUI.DIR\DEBUG\GLUI_NODE.OBJ
C:\USERS\DROSSI\DOCUMENTS\GITHUB\PONG\DEVELOPMENT\BOX2D_V2.2.1\BUILD\GLUI\GLUI.DIR\DEBUG\GLUI_PANEL.OBJ
C:\USERS\DROSSI\DOCUMENTS\GITHUB\PONG\DEVELOPMENT\BOX2D_V2.2.1\BUILD\GLUI\GLUI.DIR\DEBUG\GLUI_RADIO.OBJ
C:\USERS\DROSSI\DOCUMENTS\GITHUB\PONG\DEVELOPMENT\BOX2D_V2.2.1\BUILD\GLUI\GLUI.DIR\DEBUG\GLUI_ROLLOUT.OBJ
C:\USERS\DROSSI\DOCUMENTS\GITHUB\PONG\DEVELOPMENT\BOX2D_V2.2.1\BUILD\GLUI\GLUI.DIR\DEBUG\GLUI_ROTATION.OBJ
C:\USERS\DROSSI\DOCUMENTS\GITHUB\PONG\DEVELOPMENT\BOX2D_V2.2.1\BUILD\GLUI\GLUI.DIR\DEBUG\GLUI_SCROLLBAR.OBJ
C:\USERS\DROSSI\DOCUMENTS\GITHUB\PONG\DEVELOPMENT\BOX2D_V2.2.1\BUILD\GLUI\GLUI.DIR\DEBUG\GLUI_SEPARATOR.OBJ
C:\USERS\DROSSI\DOCUMENTS\GITHUB\PONG\DEVELOPMENT\BOX2D_V2.2.1\BUILD\GLUI\GLUI.DIR\DEBUG\GLUI_SPINNER.OBJ
C:\USERS\DROSSI\DOCUMENTS\GITHUB\PONG\DEVELOPMENT\BOX2D_V2.2.1\BUILD\GLUI\GLUI.DIR\DEBUG\GLUI_STATICTEXT.OBJ
C:\USERS\DROSSI\DOCUMENTS\GITHUB\PONG\DEVELOPMENT\BOX2D_V2.2.1\BUILD\GLUI\GLUI.DIR\DEBUG\GLUI_STRING.OBJ
C:\USERS\DROSSI\DOCUMENTS\GITHUB\PONG\DEVELOPMENT\BOX2D_V2.2.1\BUILD\GLUI\GLUI.DIR\DEBUG\GLUI_TEXTBOX.OBJ
C:\USERS\DROSSI\DOCUMENTS\GITHUB\PONG\DEVELOPMENT\BOX2D_V2.2.1\BUILD\GLUI\GLUI.DIR\DEBUG\GLUI_TRANSLATION.OBJ
C:\USERS\DROSSI\DOCUMENTS\GITHUB\PONG\DEVELOPMENT\BOX2D_V2.2.1\BUILD\GLUI\GLUI.DIR\DEBUG\GLUI_TREE.OBJ
C:\USERS\DROSSI\DOCUMENTS\GITHUB\PONG\DEVELOPMENT\BOX2D_V2.2.1\BUILD\GLUI\GLUI.DIR\DEBUG\GLUI_TREEPANEL.OBJ
C:\USERS\DROSSI\DOCUMENTS\GITHUB\PONG\DEVELOPMENT\BOX2D_V2.2.1\BUILD\GLUI\GLUI.DIR\DEBUG\GLUI_WINDOW.OBJ
C:\Users\drossi\Documents\GitHub\Pong\Development\Box2D_v2.2.1\Build\glui\glui.dir\Debug\lib.command.1.tlog
C:\Users\drossi\Documents\GitHub\Pong\Development\Box2D_v2.2.1\Build\glui\glui.dir\Debug\Lib-link.read.1.tlog
C:\Users\drossi\Documents\GitHub\Pong\Development\Box2D_v2.2.1\Build\glui\glui.dir\Debug\Lib-link.write.1.tlog
C:\USERS\DROSSI\DOCUMENTS\GITHUB\PONG\DEVELOPMENT\BOX2D_V2.2.1\BUILD\GLUI\GLUI.DIR\DEBUG\QUATERNION.OBJ
