Build started 8/28/2012 8:10:49 PM.
     1>Project "C:\Users\drossi\Documents\GitHub\Pong\Development\Box2D_v2.2.1\Build\glui\glui.vcxproj" on node 2 (rebuild target(s)).
     1>_PrepareForClean:
         Deleting file "glui.dir\Debug\glui.lastbuildstate".
       InitializeBuildStatus:
         Creating "glui.dir\Debug\glui.unsuccessfulbuild" because "AlwaysCreate" was specified.
       CustomBuild:
         Building Custom Rule C:/Users/drossi/Documents/GitHub/Pong/Development/Box2D_v2.2.1/glui/CMakeLists.txt
         CMake does not need to re-run because C:\Users\drossi\Documents\GitHub\Pong\Development\Box2D_v2.2.1\Build\glui\CMakeFiles\generate.stamp is up-to-date.
       ClCompile:
         c:\Program Files (x86)\Microsoft Visual Studio 10.0\VC\bin\CL.exe /c /IC:/Users/drossi/Documents/GitHub/Pong/Development/Box2D_v2.2.1/glui/.. /Zi /nologo /W1 /WX- /Od /Ob0 /Oy- /D WIN32 /D _WINDOWS /D _DEBUG /D FREEGLUT_STATIC /D _CRT_SECURE_NO_WARNINGS /D "CMAKE_INTDIR=\"Debug\"" /D _MBCS /Gm- /EHsc /RTC1 /MDd /GS /fp:precise /Zc:wchar_t /Zc:forScope /GR /Fo"glui.dir\Debug\\" /Fd"C:/Users/drossi/Documents/GitHub/Pong/Development/Box2D_v2.2.1/Build/glui/Debug/glui.pdb" /Gd /TP /analyze- /errorReport:prompt ..\..\glui\algebra3.cpp ..\..\glui\arcball.cpp ..\..\glui\glui_add_controls.cpp ..\..\glui\glui_bitmap_img_data.cpp ..\..\glui\glui_bitmaps.cpp ..\..\glui\glui_button.cpp ..\..\glui\glui_checkbox.cpp ..\..\glui\glui_column.cpp ..\..\glui\glui_commandline.cpp ..\..\glui\glui_control.cpp ..\..\glui\glui_edittext.cpp ..\..\glui\glui_filebrowser.cpp ..\..\glui\glui_list.cpp ..\..\glui\glui_listbox.cpp ..\..\glui\glui_mouse_iaction.cpp ..\..\glui\glui_node.cpp ..\..\glui\glui_panel.cpp ..\..\glui\glui_radio.cpp ..\..\glui\glui_rollout.cpp ..\..\glui\glui_rotation.cpp ..\..\glui\glui_scrollbar.cpp ..\..\glui\glui_separator.cpp ..\..\glui\glui_spinner.cpp ..\..\glui\glui_statictext.cpp ..\..\glui\glui_string.cpp ..\..\glui\glui_textbox.cpp ..\..\glui\glui_translation.cpp ..\..\glui\glui_tree.cpp ..\..\glui\glui_treepanel.cpp ..\..\glui\glui_window.cpp ..\..\glui\glui.cpp ..\..\glui\quaternion.cpp  /Zm1000 
         algebra3.cpp
         arcball.cpp
         glui_add_controls.cpp
         glui_bitmap_img_data.cpp
         glui_bitmaps.cpp
         glui_button.cpp
         glui_checkbox.cpp
         glui_column.cpp
         glui_commandline.cpp
         glui_control.cpp
         glui_edittext.cpp
         glui_filebrowser.cpp
         glui_list.cpp
         glui_listbox.cpp
         glui_mouse_iaction.cpp
         glui_node.cpp
         glui_panel.cpp
         glui_radio.cpp
         glui_rollout.cpp
         glui_rotation.cpp
         Generating Code...
         Compiling...
         glui_scrollbar.cpp
         glui_separator.cpp
         glui_spinner.cpp
         glui_statictext.cpp
         glui_string.cpp
         glui_textbox.cpp
         glui_translation.cpp
         glui_tree.cpp
         glui_treepanel.cpp
         glui_window.cpp
         glui.cpp
         quaternion.cpp
         Generating Code...
       Lib:
         c:\Program Files (x86)\Microsoft Visual Studio 10.0\VC\bin\Lib.exe /OUT:"C:\Users\drossi\Documents\GitHub\Pong\Development\Box2D_v2.2.1\Build\glui\Debug\glui.lib" /NOLOGO glui.dir\Debug\algebra3.obj
         glui.dir\Debug\arcball.obj
         glui.dir\Debug\glui_add_controls.obj
         glui.dir\Debug\glui_bitmap_img_data.obj
         glui.dir\Debug\glui_bitmaps.obj
         glui.dir\Debug\glui_button.obj
         glui.dir\Debug\glui_checkbox.obj
         glui.dir\Debug\glui_column.obj
         glui.dir\Debug\glui_commandline.obj
         glui.dir\Debug\glui_control.obj
         glui.dir\Debug\glui_edittext.obj
         glui.dir\Debug\glui_filebrowser.obj
         glui.dir\Debug\glui_list.obj
         glui.dir\Debug\glui_listbox.obj
         glui.dir\Debug\glui_mouse_iaction.obj
         glui.dir\Debug\glui_node.obj
         glui.dir\Debug\glui_panel.obj
         glui.dir\Debug\glui_radio.obj
         glui.dir\Debug\glui_rollout.obj
         glui.dir\Debug\glui_rotation.obj
         glui.dir\Debug\glui_scrollbar.obj
         glui.dir\Debug\glui_separator.obj
         glui.dir\Debug\glui_spinner.obj
         glui.dir\Debug\glui_statictext.obj
         glui.dir\Debug\glui_string.obj
         glui.dir\Debug\glui_textbox.obj
         glui.dir\Debug\glui_translation.obj
         glui.dir\Debug\glui_tree.obj
         glui.dir\Debug\glui_treepanel.obj
         glui.dir\Debug\glui_window.obj
         glui.dir\Debug\glui.obj
         glui.dir\Debug\quaternion.obj
         glui.vcxproj -> C:\Users\drossi\Documents\GitHub\Pong\Development\Box2D_v2.2.1\Build\glui\Debug\glui.lib
       FinalizeBuildStatus:
         Deleting file "glui.dir\Debug\glui.unsuccessfulbuild".
         Touching "glui.dir\Debug\glui.lastbuildstate".
     1>Done Building Project "C:\Users\drossi\Documents\GitHub\Pong\Development\Box2D_v2.2.1\Build\glui\glui.vcxproj" (rebuild target(s)).

Build succeeded.

Time Elapsed 00:00:22.06
