C:\USERS\DROSSI\DOCUMENTS\GITHUB\PONG\DEVELOPMENT\BOX2D_V2.2.1\BUILD\HELLOWORLD\CMAKEFILES\GENERATE.STAMP
C:\USERS\DROSSI\DOCUMENTS\GITHUB\PONG\DEVELOPMENT\BOX2D_V2.2.1\BUILD\HELLOWORLD\DEBUG\HELLOWORLD.EXE
C:\USERS\DROSSI\DOCUMENTS\GITHUB\PONG\DEVELOPMENT\BOX2D_V2.2.1\BUILD\HELLOWORLD\DEBUG\HELLOWORLD.ILK
C:\USERS\DROSSI\DOCUMENTS\GITHUB\PONG\DEVELOPMENT\BOX2D_V2.2.1\BUILD\HELLOWORLD\DEBUG\HELLOWORLD.PDB
C:\Users\drossi\Documents\GitHub\Pong\Development\Box2D_v2.2.1\Build\HelloWorld\HelloWorld.dir\Debug\cl.command.1.tlog
C:\Users\drossi\Documents\GitHub\Pong\Development\Box2D_v2.2.1\Build\HelloWorld\HelloWorld.dir\Debug\CL.read.1.tlog
C:\Users\drossi\Documents\GitHub\Pong\Development\Box2D_v2.2.1\Build\HelloWorld\HelloWorld.dir\Debug\CL.write.1.tlog
C:\Users\drossi\Documents\GitHub\Pong\Development\Box2D_v2.2.1\Build\HelloWorld\HelloWorld.dir\Debug\custombuild.command.1.tlog
C:\Users\drossi\Documents\GitHub\Pong\Development\Box2D_v2.2.1\Build\HelloWorld\HelloWorld.dir\Debug\custombuild.read.1.tlog
C:\Users\drossi\Documents\GitHub\Pong\Development\Box2D_v2.2.1\Build\HelloWorld\HelloWorld.dir\Debug\custombuild.write.1.tlog
C:\USERS\DROSSI\DOCUMENTS\GITHUB\PONG\DEVELOPMENT\BOX2D_V2.2.1\BUILD\HELLOWORLD\HELLOWORLD.DIR\DEBUG\HELLOWORLD.EXE.EMBED.MANIFEST
C:\USERS\DROSSI\DOCUMENTS\GITHUB\PONG\DEVELOPMENT\BOX2D_V2.2.1\BUILD\HELLOWORLD\HELLOWORLD.DIR\DEBUG\HELLOWORLD.EXE.EMBED.MANIFEST.RES
C:\USERS\DROSSI\DOCUMENTS\GITHUB\PONG\DEVELOPMENT\BOX2D_V2.2.1\BUILD\HELLOWORLD\HELLOWORLD.DIR\DEBUG\HELLOWORLD.EXE.INTERMEDIATE.MANIFEST
C:\USERS\DROSSI\DOCUMENTS\GITHUB\PONG\DEVELOPMENT\BOX2D_V2.2.1\BUILD\HELLOWORLD\HELLOWORLD.DIR\DEBUG\HELLOWORLD.OBJ
C:\Users\drossi\Documents\GitHub\Pong\Development\Box2D_v2.2.1\Build\HelloWorld\HelloWorld.dir\Debug\HelloWorld.write.1.tlog
C:\Users\drossi\Documents\GitHub\Pong\Development\Box2D_v2.2.1\Build\HelloWorld\HelloWorld.dir\Debug\HelloWorld_manifest.rc
C:\Users\drossi\Documents\GitHub\Pong\Development\Box2D_v2.2.1\Build\HelloWorld\HelloWorld.dir\Debug\link.5584.read.1.tlog
C:\Users\drossi\Documents\GitHub\Pong\Development\Box2D_v2.2.1\Build\HelloWorld\HelloWorld.dir\Debug\link.5584.write.1.tlog
C:\Users\drossi\Documents\GitHub\Pong\Development\Box2D_v2.2.1\Build\HelloWorld\HelloWorld.dir\Debug\link.5584-cvtres.read.1.tlog
C:\Users\drossi\Documents\GitHub\Pong\Development\Box2D_v2.2.1\Build\HelloWorld\HelloWorld.dir\Debug\link.5584-cvtres.write.1.tlog
C:\Users\drossi\Documents\GitHub\Pong\Development\Box2D_v2.2.1\Build\HelloWorld\HelloWorld.dir\Debug\link.command.1.tlog
C:\Users\drossi\Documents\GitHub\Pong\Development\Box2D_v2.2.1\Build\HelloWorld\HelloWorld.dir\Debug\link.read.1.tlog
C:\Users\drossi\Documents\GitHub\Pong\Development\Box2D_v2.2.1\Build\HelloWorld\HelloWorld.dir\Debug\link.write.1.tlog
C:\Users\drossi\Documents\GitHub\Pong\Development\Box2D_v2.2.1\Build\HelloWorld\HelloWorld.dir\Debug\link-cvtres.read.1.tlog
C:\Users\drossi\Documents\GitHub\Pong\Development\Box2D_v2.2.1\Build\HelloWorld\HelloWorld.dir\Debug\link-cvtres.write.1.tlog
C:\Users\drossi\Documents\GitHub\Pong\Development\Box2D_v2.2.1\Build\HelloWorld\HelloWorld.dir\Debug\mt.command.1.tlog
C:\Users\drossi\Documents\GitHub\Pong\Development\Box2D_v2.2.1\Build\HelloWorld\HelloWorld.dir\Debug\mt.read.1.tlog
C:\Users\drossi\Documents\GitHub\Pong\Development\Box2D_v2.2.1\Build\HelloWorld\HelloWorld.dir\Debug\mt.write.1.tlog
C:\Users\drossi\Documents\GitHub\Pong\Development\Box2D_v2.2.1\Build\HelloWorld\HelloWorld.dir\Debug\rc.command.1.tlog
C:\Users\drossi\Documents\GitHub\Pong\Development\Box2D_v2.2.1\Build\HelloWorld\HelloWorld.dir\Debug\rc.read.1.tlog
C:\Users\drossi\Documents\GitHub\Pong\Development\Box2D_v2.2.1\Build\HelloWorld\HelloWorld.dir\Debug\rc.write.1.tlog
