Build started 8/28/2012 9:51:20 PM.
     1>Project "C:\Users\drossi\Documents\GitHub\Pong\Development\Box2D_v2.2.1\Build\HelloWorld\HelloWorld.vcxproj" on node 4 (build target(s)).
     1>InitializeBuildStatus:
         Creating "HelloWorld.dir\Debug\HelloWorld.unsuccessfulbuild" because "AlwaysCreate" was specified.
       CustomBuild:
         All outputs are up-to-date.
       ClCompile:
         All outputs are up-to-date.
       ManifestResourceCompile:
         All outputs are up-to-date.
       Link:
         All outputs are up-to-date.
       Manifest:
         All outputs are up-to-date.
       FinalizeBuildStatus:
         Deleting file "HelloWorld.dir\Debug\HelloWorld.unsuccessfulbuild".
         Touching "HelloWorld.dir\Debug\HelloWorld.lastbuildstate".
     1>Done Building Project "C:\Users\drossi\Documents\GitHub\Pong\Development\Box2D_v2.2.1\Build\HelloWorld\HelloWorld.vcxproj" (build target(s)).

Build succeeded.

Time Elapsed 00:00:00.22
